app/build/intermediates/manifest_merge_blame_file/debug/manifest-merger-blame-debug-report.txt
1<?xml version="1.0" encoding="utf-8"?>
2<manifest xmlns:android="http://schemas.android.com/apk/res/android"
3    package="br.com.senac.projetointegrador"
4    android:versionCode="1"
5    android:versionName="1.0" >
6
7    <uses-sdk
8        android:minSdkVersion="26"
8-->src\main\AndroidManifest.xml
9        android:targetSdkVersion="29" />
9-->src\main\AndroidManifest.xml
10
11    <uses-permission android:name="android.permission.INTERNET" />
11-->src\main\AndroidManifest.xml:7:5-67
11-->src\main\AndroidManifest.xml:7:22-64
12    <uses-permission android:name="android.permission.READ_EXTERNAL_STORAGE" />
12-->src\main\AndroidManifest.xml:8:5-80
12-->src\main\AndroidManifest.xml:8:22-77
13    <uses-permission android:name="android.permission.WRITE_EXTERNAL_STORAGE" />
13-->src\main\AndroidManifest.xml:9:5-81
13-->src\main\AndroidManifest.xml:9:22-78
14
15    <application
15-->src\main\AndroidManifest.xml:11:5-41:19
16        android:allowBackup="true"
16-->src\main\AndroidManifest.xml:12:9-35
17        android:appComponentFactory="androidx.core.app.CoreComponentFactory"
17-->[androidx.core:core:1.0.0] AndroidManifest.xml:22:18-86
18        android:debuggable="true"
19        android:extractNativeLibs="false"
20        android:icon="@drawable/ic_launcher"
20-->src\main\AndroidManifest.xml:13:9-45
21        android:label="@string/app_name"
21-->src\main\AndroidManifest.xml:14:9-41
22        android:roundIcon="@drawable/ic_launcher"
22-->src\main\AndroidManifest.xml:15:9-50
23        android:supportsRtl="true"
23-->[com.sachinchandil:videodownloadandplay:1.0.0] AndroidManifest.xml:14:9-35
24        android:testOnly="true"
25        android:theme="@style/Tema" >
25-->src\main\AndroidManifest.xml:16:9-36
26        <activity android:name="br.com.senac.projetointegrador.SerieActivity" />
26-->src\main\AndroidManifest.xml:17:9-50
26-->src\main\AndroidManifest.xml:17:19-48
27        <activity android:name="br.com.senac.projetointegrador.FilmeActivity" />
27-->src\main\AndroidManifest.xml:18:9-51
27-->src\main\AndroidManifest.xml:18:19-48
28        <activity android:name="br.com.senac.projetointegrador.JSONTeste" />
28-->src\main\AndroidManifest.xml:19:9-47
28-->src\main\AndroidManifest.xml:19:19-44
29        <activity android:name="br.com.senac.projetointegrador.MenuSeriesActivity" />
29-->src\main\AndroidManifest.xml:20:9-56
29-->src\main\AndroidManifest.xml:20:19-53
30        <activity android:name="br.com.senac.projetointegrador.MenuFilmesActivity" />
30-->src\main\AndroidManifest.xml:21:9-56
30-->src\main\AndroidManifest.xml:21:19-53
31        <activity android:name="br.com.senac.projetointegrador.SearchActivity" />
31-->src\main\AndroidManifest.xml:22:9-52
31-->src\main\AndroidManifest.xml:22:19-49
32        <activity android:name="br.com.senac.projetointegrador.AutenticacaoProfile" />
32-->src\main\AndroidManifest.xml:23:9-56
32-->src\main\AndroidManifest.xml:23:19-54
33        <activity android:name="br.com.senac.projetointegrador.DebugActivity" >
33-->src\main\AndroidManifest.xml:24:9-29:20
33-->src\main\AndroidManifest.xml:24:19-48
34            <intent-filter>
34-->src\main\AndroidManifest.xml:25:9-28:25
35                <action android:name="android.intent.action.MAIN" />
35-->src\main\AndroidManifest.xml:26:13-65
35-->src\main\AndroidManifest.xml:26:21-62
36
37                <category android:name="android.intent.category.LAUNCHER" />
37-->src\main\AndroidManifest.xml:27:13-73
37-->src\main\AndroidManifest.xml:27:23-70
38            </intent-filter>
39        </activity>
40        <activity android:name="br.com.senac.projetointegrador.SplashActivity" >
40-->src\main\AndroidManifest.xml:30:9-31:20
40-->src\main\AndroidManifest.xml:30:19-49
41        </activity>
42        <activity android:name="br.com.senac.projetointegrador.MainActivity" />
42-->src\main\AndroidManifest.xml:32:9-50
42-->src\main\AndroidManifest.xml:32:19-47
43        <activity android:name="br.com.senac.projetointegrador.LoginActivity" />
43-->src\main\AndroidManifest.xml:33:9-51
43-->src\main\AndroidManifest.xml:33:19-48
44        <activity android:name="br.com.senac.projetointegrador.RegisterActivity" />
44-->src\main\AndroidManifest.xml:34:9-54
44-->src\main\AndroidManifest.xml:34:19-51
45        <activity android:name="br.com.senac.projetointegrador.ProfileActivity" />
45-->src\main\AndroidManifest.xml:35:9-53
45-->src\main\AndroidManifest.xml:35:19-50
46        <activity android:name="br.com.senac.projetointegrador.EditProfileActivity" />
46-->src\main\AndroidManifest.xml:36:9-57
46-->src\main\AndroidManifest.xml:36:19-54
47        <activity
47-->src\main\AndroidManifest.xml:37:9-40:37
48            android:name="br.com.senac.projetointegrador.PlayerActivity"
48-->src\main\AndroidManifest.xml:40:4-34
49            android:configChanges="orientation"
49-->src\main\AndroidManifest.xml:39:4-39
50            android:screenOrientation="sensorLandscape" />
50-->src\main\AndroidManifest.xml:38:4-47
51    </application>
52
53</manifest>